=== PYTEST RUN [Cycle: 0] ===
STDOUT:
============================= test session starts =============================
platform win32 -- Python 3.13.7, pytest-9.0.2, pluggy-1.6.0 -- C:\Users\carlo\AppData\Local\Programs\Python\Python313\python.exe
cachedir: .pytest_cache
metadata: {'Python': '3.13.7', 'Platform': 'Windows-11-10.0.26200-SP0', 'Packages': {'pytest': '9.0.2', 'pluggy': '1.6.0'}, 'Plugins': {'anyio': '4.12.1', 'cov': '7.0.0', 'json-report': '1.5.0', 'metadata': '3.1.1', 'mock': '3.15.1'}}
rootdir: C:\Users\carlo\Documents\Proyectos_Phyton\Swarm
configfile: pyproject.toml
plugins: anyio-4.12.1, cov-7.0.0, json-report-1.5.0, metadata-3.1.1, mock-3.15.1
collecting ... collected 1 item

tests/test_basic.py::test_multiply PASSED                                [100%]

============================== 1 passed in 0.02s ==============================

STDERR:

RETURN CODE: 0
--------------------------------------------------------------------------------

=== PYTEST RUN [Cycle: 0] ===
STDOUT:
============================= test session starts =============================
platform win32 -- Python 3.13.7, pytest-9.0.2, pluggy-1.6.0 -- C:\Users\carlo\AppData\Local\Programs\Python\Python313\python.exe
cachedir: .pytest_cache
metadata: {'Python': '3.13.7', 'Platform': 'Windows-11-10.0.26200-SP0', 'Packages': {'pytest': '9.0.2', 'pluggy': '1.6.0'}, 'Plugins': {'anyio': '4.12.1', 'cov': '7.0.0', 'json-report': '1.5.0', 'metadata': '3.1.1', 'mock': '3.15.1'}}
rootdir: C:\Users\carlo\Documents\Proyectos_Phyton\Swarm
configfile: pyproject.toml
plugins: anyio-4.12.1, cov-7.0.0, json-report-1.5.0, metadata-3.1.1, mock-3.15.1
collecting ... collected 0 items / 1 error

=================================== ERRORS ====================================
____________________ ERROR collecting tests/test_basic.py _____________________
..\..\..\AppData\Local\Programs\Python\Python313\Lib\site-packages\_pytest\python.py:507: in importtestmodule
    mod = import_path(
..\..\..\AppData\Local\Programs\Python\Python313\Lib\site-packages\_pytest\pathlib.py:587: in import_path
    importlib.import_module(module_name)
..\..\..\AppData\Local\Programs\Python\Python313\Lib\importlib\__init__.py:88: in import_module
    return _bootstrap._gcd_import(name[level:], package, level)
           ^^^^^^^^^^^^^^^^^^^^^^^^^^^^^^^^^^^^^^^^^^^^^^^^^^^^
<frozen importlib._bootstrap>:1387: in _gcd_import
    ???
<frozen importlib._bootstrap>:1360: in _find_and_load
    ???
<frozen importlib._bootstrap>:1331: in _find_and_load_unlocked
    ???
<frozen importlib._bootstrap>:935: in _load_unlocked
    ???
..\..\..\AppData\Local\Programs\Python\Python313\Lib\site-packages\_pytest\assertion\rewrite.py:188: in exec_module
    source_stat, co = _rewrite_test(fn, self.config)
                      ^^^^^^^^^^^^^^^^^^^^^^^^^^^^^^
..\..\..\AppData\Local\Programs\Python\Python313\Lib\site-packages\_pytest\assertion\rewrite.py:357: in _rewrite_test
    tree = ast.parse(source, filename=strfn)
           ^^^^^^^^^^^^^^^^^^^^^^^^^^^^^^^^^
..\..\..\AppData\Local\Programs\Python\Python313\Lib\ast.py:50: in parse
    return compile(source, filename, mode, flags,
E     File "C:\Users\carlo\Documents\Proyectos_Phyton\Swarm\tests\test_basic.py", line 2
E       from core.operations import *\n\ndef test_add():\n    assert add(2, 3) == 5\n    assert add(-1.5, 4) == 2.5\n    assert add(7, -2) == 5\n    assert add(-8, -8) == -16
E                                     ^
E   SyntaxError: unexpected character after line continuation character
=========================== short test summary info ===========================
ERROR tests/test_basic.py
!!!!!!!!!!!!!!!!!!! Interrupted: 1 error during collection !!!!!!!!!!!!!!!!!!!!
============================== 1 error in 0.22s ===============================

STDERR:

RETURN CODE: 2
--------------------------------------------------------------------------------

=== PYTEST RUN [Cycle: 0] ===
STDOUT:
============================= test session starts =============================
platform win32 -- Python 3.13.7, pytest-9.0.2, pluggy-1.6.0 -- C:\Users\carlo\AppData\Local\Programs\Python\Python313\python.exe
cachedir: .pytest_cache
metadata: {'Python': '3.13.7', 'Platform': 'Windows-11-10.0.26200-SP0', 'Packages': {'pytest': '9.0.2', 'pluggy': '1.6.0'}, 'Plugins': {'anyio': '4.12.1', 'cov': '7.0.0', 'json-report': '1.5.0', 'metadata': '3.1.1', 'mock': '3.15.1'}}
rootdir: C:\Users\carlo\Documents\Proyectos_Phyton\Swarm
configfile: pyproject.toml
plugins: anyio-4.12.1, cov-7.0.0, json-report-1.5.0, metadata-3.1.1, mock-3.15.1
collecting ... collected 1 item

tests/test_basic.py::test_divide PASSED                                  [100%]

============================== 1 passed in 0.02s ==============================

STDERR:

RETURN CODE: 0
--------------------------------------------------------------------------------

=== PYTEST RUN [Cycle: 1] ===
STDOUT:
============================= test session starts =============================
platform win32 -- Python 3.13.7, pytest-9.0.2, pluggy-1.6.0 -- C:\Users\carlo\AppData\Local\Programs\Python\Python313\python.exe
cachedir: .pytest_cache
metadata: {'Python': '3.13.7', 'Platform': 'Windows-11-10.0.26200-SP0', 'Packages': {'pytest': '9.0.2', 'pluggy': '1.6.0'}, 'Plugins': {'anyio': '4.12.1', 'cov': '7.0.0', 'json-report': '1.5.0', 'metadata': '3.1.1', 'mock': '3.15.1'}}
rootdir: C:\Users\carlo\Documents\Proyectos_Phyton\Swarm
configfile: pyproject.toml
plugins: anyio-4.12.1, cov-7.0.0, json-report-1.5.0, metadata-3.1.1, mock-3.15.1
collecting ... collected 1 item

tests/test_basic.py::test_multiply PASSED                                [100%]

============================== 1 passed in 0.02s ==============================

STDERR:

RETURN CODE: 0
--------------------------------------------------------------------------------

=== PYTEST RUN [Cycle: 1] ===
STDOUT:
============================= test session starts =============================
platform win32 -- Python 3.13.7, pytest-9.0.2, pluggy-1.6.0 -- C:\Users\carlo\AppData\Local\Programs\Python\Python313\python.exe
cachedir: .pytest_cache
metadata: {'Python': '3.13.7', 'Platform': 'Windows-11-10.0.26200-SP0', 'Packages': {'pytest': '9.0.2', 'pluggy': '1.6.0'}, 'Plugins': {'anyio': '4.12.1', 'cov': '7.0.0', 'json-report': '1.5.0', 'metadata': '3.1.1', 'mock': '3.15.1'}}
rootdir: C:\Users\carlo\Documents\Proyectos_Phyton\Swarm
configfile: pyproject.toml
plugins: anyio-4.12.1, cov-7.0.0, json-report-1.5.0, metadata-3.1.1, mock-3.15.1
collecting ... collected 1 item

tests/test_basic.py::test_add PASSED                                     [100%]

============================== 1 passed in 0.02s ==============================

STDERR:

RETURN CODE: 0
--------------------------------------------------------------------------------

=== PYTEST RUN [Cycle: 1] ===
STDOUT:
============================= test session starts =============================
platform win32 -- Python 3.13.7, pytest-9.0.2, pluggy-1.6.0 -- C:\Users\carlo\AppData\Local\Programs\Python\Python313\python.exe
cachedir: .pytest_cache
metadata: {'Python': '3.13.7', 'Platform': 'Windows-11-10.0.26200-SP0', 'Packages': {'pytest': '9.0.2', 'pluggy': '1.6.0'}, 'Plugins': {'anyio': '4.12.1', 'cov': '7.0.0', 'json-report': '1.5.0', 'metadata': '3.1.1', 'mock': '3.15.1'}}
rootdir: C:\Users\carlo\Documents\Proyectos_Phyton\Swarm
configfile: pyproject.toml
plugins: anyio-4.12.1, cov-7.0.0, json-report-1.5.0, metadata-3.1.1, mock-3.15.1
collecting ... collected 1 item

tests/test_basic.py::test_add PASSED                                     [100%]

============================== 1 passed in 0.02s ==============================

STDERR:

RETURN CODE: 0
--------------------------------------------------------------------------------

=== PYTEST RUN [Cycle: 1] ===
STDOUT:
============================= test session starts =============================
platform win32 -- Python 3.13.7, pytest-9.0.2, pluggy-1.6.0 -- C:\Users\carlo\AppData\Local\Programs\Python\Python313\python.exe
cachedir: .pytest_cache
metadata: {'Python': '3.13.7', 'Platform': 'Windows-11-10.0.26200-SP0', 'Packages': {'pytest': '9.0.2', 'pluggy': '1.6.0'}, 'Plugins': {'anyio': '4.12.1', 'cov': '7.0.0', 'json-report': '1.5.0', 'metadata': '3.1.1', 'mock': '3.15.1'}}
rootdir: C:\Users\carlo\Documents\Proyectos_Phyton\Swarm
configfile: pyproject.toml
plugins: anyio-4.12.1, cov-7.0.0, json-report-1.5.0, metadata-3.1.1, mock-3.15.1
collecting ... collected 1 item

tests/test_basic.py::test_add PASSED                                     [100%]

============================== 1 passed in 0.02s ==============================

STDERR:

RETURN CODE: 0
--------------------------------------------------------------------------------

=== PYTEST RUN [Cycle: 1] ===
STDOUT:
============================= test session starts =============================
platform win32 -- Python 3.13.7, pytest-9.0.2, pluggy-1.6.0 -- C:\Users\carlo\AppData\Local\Programs\Python\Python313\python.exe
cachedir: .pytest_cache
metadata: {'Python': '3.13.7', 'Platform': 'Windows-11-10.0.26200-SP0', 'Packages': {'pytest': '9.0.2', 'pluggy': '1.6.0'}, 'Plugins': {'anyio': '4.12.1', 'cov': '7.0.0', 'json-report': '1.5.0', 'metadata': '3.1.1', 'mock': '3.15.1'}}
rootdir: C:\Users\carlo\Documents\Proyectos_Phyton\Swarm
configfile: pyproject.toml
plugins: anyio-4.12.1, cov-7.0.0, json-report-1.5.0, metadata-3.1.1, mock-3.15.1
collecting ... collected 1 item

tests/test_basic.py::test_add PASSED                                     [100%]

============================== 1 passed in 0.02s ==============================

STDERR:

RETURN CODE: 0
--------------------------------------------------------------------------------

=== PYTEST RUN [Cycle: 1] ===
STDOUT:
============================= test session starts =============================
platform win32 -- Python 3.13.7, pytest-9.0.2, pluggy-1.6.0 -- C:\Users\carlo\AppData\Local\Programs\Python\Python313\python.exe
cachedir: .pytest_cache
metadata: {'Python': '3.13.7', 'Platform': 'Windows-11-10.0.26200-SP0', 'Packages': {'pytest': '9.0.2', 'pluggy': '1.6.0'}, 'Plugins': {'anyio': '4.12.1', 'cov': '7.0.0', 'json-report': '1.5.0', 'metadata': '3.1.1', 'mock': '3.15.1'}}
rootdir: C:\Users\carlo\Documents\Proyectos_Phyton\Swarm
configfile: pyproject.toml
plugins: anyio-4.12.1, cov-7.0.0, json-report-1.5.0, metadata-3.1.1, mock-3.15.1
collecting ... collected 1 item

tests/test_basic.py::test_add PASSED                                     [100%]

============================== 1 passed in 0.02s ==============================

STDERR:

RETURN CODE: 0
--------------------------------------------------------------------------------

=== PYTEST RUN [Cycle: 1] ===
STDOUT:
============================= test session starts =============================
platform win32 -- Python 3.13.7, pytest-9.0.2, pluggy-1.6.0 -- C:\Users\carlo\AppData\Local\Programs\Python\Python313\python.exe
cachedir: .pytest_cache
metadata: {'Python': '3.13.7', 'Platform': 'Windows-11-10.0.26200-SP0', 'Packages': {'pytest': '9.0.2', 'pluggy': '1.6.0'}, 'Plugins': {'anyio': '4.12.1', 'cov': '7.0.0', 'json-report': '1.5.0', 'metadata': '3.1.1', 'mock': '3.15.1'}}
rootdir: C:\Users\carlo\Documents\Proyectos_Phyton\Swarm
configfile: pyproject.toml
plugins: anyio-4.12.1, cov-7.0.0, json-report-1.5.0, metadata-3.1.1, mock-3.15.1
collecting ... collected 1 item

tests/test_basic.py::test_subtract PASSED                                [100%]

============================== 1 passed in 0.02s ==============================

STDERR:

RETURN CODE: 0
--------------------------------------------------------------------------------

=== PYTEST RUN [Cycle: 1] ===
STDOUT:
============================= test session starts =============================
platform win32 -- Python 3.13.7, pytest-9.0.2, pluggy-1.6.0 -- C:\Users\carlo\AppData\Local\Programs\Python\Python313\python.exe
cachedir: .pytest_cache
metadata: {'Python': '3.13.7', 'Platform': 'Windows-11-10.0.26200-SP0', 'Packages': {'pytest': '9.0.2', 'pluggy': '1.6.0'}, 'Plugins': {'anyio': '4.12.1', 'cov': '7.0.0', 'json-report': '1.5.0', 'metadata': '3.1.1', 'mock': '3.15.1'}}
rootdir: C:\Users\carlo\Documents\Proyectos_Phyton\Swarm
configfile: pyproject.toml
plugins: anyio-4.12.1, cov-7.0.0, json-report-1.5.0, metadata-3.1.1, mock-3.15.1
collecting ... collected 1 item

tests/test_basic.py::test_add PASSED                                     [100%]

============================== 1 passed in 0.02s ==============================

STDERR:

RETURN CODE: 0
--------------------------------------------------------------------------------

=== PYTEST RUN [Cycle: 0] ===
STDOUT:
============================= test session starts =============================
platform win32 -- Python 3.13.7, pytest-9.0.2, pluggy-1.6.0 -- C:\Users\carlo\AppData\Local\Programs\Python\Python313\python.exe
cachedir: .pytest_cache
metadata: {'Python': '3.13.7', 'Platform': 'Windows-11-10.0.26200-SP0', 'Packages': {'pytest': '9.0.2', 'pluggy': '1.6.0'}, 'Plugins': {'anyio': '4.12.1', 'cov': '7.0.0', 'json-report': '1.5.0', 'metadata': '3.1.1', 'mock': '3.15.1'}}
rootdir: C:\Users\carlo\Documents\Proyectos_Phyton\Swarm
configfile: pyproject.toml
plugins: anyio-4.12.1, cov-7.0.0, json-report-1.5.0, metadata-3.1.1, mock-3.15.1
collecting ... collected 1 item

tests/test_basic.py::test_divide PASSED                                  [100%]

============================== 1 passed in 0.02s ==============================

STDERR:

RETURN CODE: 0
--------------------------------------------------------------------------------

=== PYTEST RUN [Cycle: 0] ===
STDOUT:
============================= test session starts =============================
platform win32 -- Python 3.13.7, pytest-9.0.2, pluggy-1.6.0 -- C:\Users\carlo\AppData\Local\Programs\Python\Python313\python.exe
cachedir: .pytest_cache
metadata: {'Python': '3.13.7', 'Platform': 'Windows-11-10.0.26200-SP0', 'Packages': {'pytest': '9.0.2', 'pluggy': '1.6.0'}, 'Plugins': {'anyio': '4.12.1', 'cov': '7.0.0', 'json-report': '1.5.0', 'metadata': '3.1.1', 'mock': '3.15.1'}}
rootdir: C:\Users\carlo\Documents\Proyectos_Phyton\Swarm
configfile: pyproject.toml
plugins: anyio-4.12.1, cov-7.0.0, json-report-1.5.0, metadata-3.1.1, mock-3.15.1
collecting ... collected 1 item

tests/test_basic.py::test_multiply PASSED                                [100%]

============================== 1 passed in 0.02s ==============================

STDERR:

RETURN CODE: 0
--------------------------------------------------------------------------------

=== PYTEST RUN [Cycle: 1] ===
STDOUT:
============================= test session starts =============================
platform win32 -- Python 3.13.7, pytest-9.0.2, pluggy-1.6.0 -- C:\Users\carlo\AppData\Local\Programs\Python\Python313\python.exe
cachedir: .pytest_cache
metadata: {'Python': '3.13.7', 'Platform': 'Windows-11-10.0.26200-SP0', 'Packages': {'pytest': '9.0.2', 'pluggy': '1.6.0'}, 'Plugins': {'anyio': '4.12.1', 'cov': '7.0.0', 'json-report': '1.5.0', 'metadata': '3.1.1', 'mock': '3.15.1'}}
rootdir: C:\Users\carlo\Documents\Proyectos_Phyton\Swarm
configfile: pyproject.toml
plugins: anyio-4.12.1, cov-7.0.0, json-report-1.5.0, metadata-3.1.1, mock-3.15.1
collecting ... collected 0 items / 1 error

=================================== ERRORS ====================================
____________________ ERROR collecting tests/test_basic.py _____________________
..\..\..\AppData\Local\Programs\Python\Python313\Lib\site-packages\_pytest\python.py:507: in importtestmodule
    mod = import_path(
..\..\..\AppData\Local\Programs\Python\Python313\Lib\site-packages\_pytest\pathlib.py:587: in import_path
    importlib.import_module(module_name)
..\..\..\AppData\Local\Programs\Python\Python313\Lib\importlib\__init__.py:88: in import_module
    return _bootstrap._gcd_import(name[level:], package, level)
           ^^^^^^^^^^^^^^^^^^^^^^^^^^^^^^^^^^^^^^^^^^^^^^^^^^^^
<frozen importlib._bootstrap>:1387: in _gcd_import
    ???
<frozen importlib._bootstrap>:1360: in _find_and_load
    ???
<frozen importlib._bootstrap>:1331: in _find_and_load_unlocked
    ???
<frozen importlib._bootstrap>:935: in _load_unlocked
    ???
..\..\..\AppData\Local\Programs\Python\Python313\Lib\site-packages\_pytest\assertion\rewrite.py:188: in exec_module
    source_stat, co = _rewrite_test(fn, self.config)
                      ^^^^^^^^^^^^^^^^^^^^^^^^^^^^^^
..\..\..\AppData\Local\Programs\Python\Python313\Lib\site-packages\_pytest\assertion\rewrite.py:357: in _rewrite_test
    tree = ast.parse(source, filename=strfn)
           ^^^^^^^^^^^^^^^^^^^^^^^^^^^^^^^^^
..\..\..\AppData\Local\Programs\Python\Python313\Lib\ast.py:50: in parse
    return compile(source, filename, mode, flags,
E     File "C:\Users\carlo\Documents\Proyectos_Phyton\Swarm\tests\test_basic.py", line 6
E       assert act == 18.0,
E                          ^
E   SyntaxError: invalid syntax
=========================== short test summary info ===========================
ERROR tests/test_basic.py
!!!!!!!!!!!!!!!!!!! Interrupted: 1 error during collection !!!!!!!!!!!!!!!!!!!!
============================== 1 error in 0.24s ===============================

STDERR:

RETURN CODE: 2
--------------------------------------------------------------------------------

=== PYTEST RUN [Cycle: 1] ===
STDOUT:
============================= test session starts =============================
platform win32 -- Python 3.13.7, pytest-9.0.2, pluggy-1.6.0 -- C:\Users\carlo\AppData\Local\Programs\Python\Python313\python.exe
cachedir: .pytest_cache
metadata: {'Python': '3.13.7', 'Platform': 'Windows-11-10.0.26200-SP0', 'Packages': {'pytest': '9.0.2', 'pluggy': '1.6.0'}, 'Plugins': {'anyio': '4.12.1', 'cov': '7.0.0', 'json-report': '1.5.0', 'metadata': '3.1.1', 'mock': '3.15.1'}}
rootdir: C:\Users\carlo\Documents\Proyectos_Phyton\Swarm
configfile: pyproject.toml
plugins: anyio-4.12.1, cov-7.0.0, json-report-1.5.0, metadata-3.1.1, mock-3.15.1
collecting ... collected 1 item

tests/test_basic.py::test_multiply PASSED                                [100%]

============================== 1 passed in 0.02s ==============================

STDERR:

RETURN CODE: 0
--------------------------------------------------------------------------------

=== PYTEST RUN [Cycle: 2] ===
STDOUT:
============================= test session starts =============================
platform win32 -- Python 3.13.7, pytest-9.0.2, pluggy-1.6.0 -- C:\Users\carlo\AppData\Local\Programs\Python\Python313\python.exe
cachedir: .pytest_cache
metadata: {'Python': '3.13.7', 'Platform': 'Windows-11-10.0.26200-SP0', 'Packages': {'pytest': '9.0.2', 'pluggy': '1.6.0'}, 'Plugins': {'anyio': '4.12.1', 'cov': '7.0.0', 'json-report': '1.5.0', 'metadata': '3.1.1', 'mock': '3.15.1'}}
rootdir: C:\Users\carlo\Documents\Proyectos_Phyton\Swarm
configfile: pyproject.toml
plugins: anyio-4.12.1, cov-7.0.0, json-report-1.5.0, metadata-3.1.1, mock-3.15.1
collecting ... collected 0 items / 1 error

=================================== ERRORS ====================================
____________________ ERROR collecting tests/test_basic.py _____________________
..\..\..\AppData\Local\Programs\Python\Python313\Lib\site-packages\_pytest\python.py:507: in importtestmodule
    mod = import_path(
..\..\..\AppData\Local\Programs\Python\Python313\Lib\site-packages\_pytest\pathlib.py:587: in import_path
    importlib.import_module(module_name)
..\..\..\AppData\Local\Programs\Python\Python313\Lib\importlib\__init__.py:88: in import_module
    return _bootstrap._gcd_import(name[level:], package, level)
           ^^^^^^^^^^^^^^^^^^^^^^^^^^^^^^^^^^^^^^^^^^^^^^^^^^^^
<frozen importlib._bootstrap>:1387: in _gcd_import
    ???
<frozen importlib._bootstrap>:1360: in _find_and_load
    ???
<frozen importlib._bootstrap>:1331: in _find_and_load_unlocked
    ???
<frozen importlib._bootstrap>:935: in _load_unlocked
    ???
..\..\..\AppData\Local\Programs\Python\Python313\Lib\site-packages\_pytest\assertion\rewrite.py:188: in exec_module
    source_stat, co = _rewrite_test(fn, self.config)
                      ^^^^^^^^^^^^^^^^^^^^^^^^^^^^^^
..\..\..\AppData\Local\Programs\Python\Python313\Lib\site-packages\_pytest\assertion\rewrite.py:357: in _rewrite_test
    tree = ast.parse(source, filename=strfn)
           ^^^^^^^^^^^^^^^^^^^^^^^^^^^^^^^^^
..\..\..\AppData\Local\Programs\Python\Python313\Lib\ast.py:50: in parse
    return compile(source, filename, mode, flags,
E     File "C:\Users\carlo\Documents\Proyectos_Phyton\Swarm\tests\test_basic.py", line 2
E       from core.operations import *\ndef test_add():\n    assert add(6, 3) == 9.0\n    assert add(-5.5, -2.0) == -7.5\n    with pytest.raises(ValueError):\n        add('a', 3)
E                                     ^
E   SyntaxError: unexpected character after line continuation character
=========================== short test summary info ===========================
ERROR tests/test_basic.py
!!!!!!!!!!!!!!!!!!! Interrupted: 1 error during collection !!!!!!!!!!!!!!!!!!!!
============================== 1 error in 0.19s ===============================

STDERR:

RETURN CODE: 2
--------------------------------------------------------------------------------

=== PYTEST RUN [Cycle: 2] ===
STDOUT:
============================= test session starts =============================
platform win32 -- Python 3.13.7, pytest-9.0.2, pluggy-1.6.0 -- C:\Users\carlo\AppData\Local\Programs\Python\Python313\python.exe
cachedir: .pytest_cache
metadata: {'Python': '3.13.7', 'Platform': 'Windows-11-10.0.26200-SP0', 'Packages': {'pytest': '9.0.2', 'pluggy': '1.6.0'}, 'Plugins': {'anyio': '4.12.1', 'cov': '7.0.0', 'json-report': '1.5.0', 'metadata': '3.1.1', 'mock': '3.15.1'}}
rootdir: C:\Users\carlo\Documents\Proyectos_Phyton\Swarm
configfile: pyproject.toml
plugins: anyio-4.12.1, cov-7.0.0, json-report-1.5.0, metadata-3.1.1, mock-3.15.1
collecting ... collected 6 items

tests/test_basic.py::TestAdd::test_add_positive_numbers FAILED           [ 16%]
tests/test_basic.py::TestAdd::test_add_negative_numbers FAILED           [ 33%]
tests/test_basic.py::TestAdd::test_add_mixed_signs FAILED                [ 50%]
tests/test_basic.py::TestAdd::test_add_zero FAILED                       [ 66%]
tests/test_basic.py::TestAdd::test_add_floats FAILED                     [ 83%]
tests/test_basic.py::TestAdd::test_invalid_input FAILED                  [100%]

================================== FAILURES ===================================
______________________ TestAdd.test_add_positive_numbers ______________________

self = <test_basic.TestAdd object at 0x000002AA206B0910>

    def test_add_positive_numbers(self):
>       assert add(6, 3) == 9.0
               ^^^
E       NameError: name 'add' is not defined

tests\test_basic.py:4: NameError
______________________ TestAdd.test_add_negative_numbers ______________________

self = <test_basic.TestAdd object at 0x000002AA206B0CD0>

    def test_add_negative_numbers(self):
>       assert add(-5, -2) == -7.0
               ^^^
E       NameError: name 'add' is not defined

tests\test_basic.py:6: NameError
________________________ TestAdd.test_add_mixed_signs _________________________

self = <test_basic.TestAdd object at 0x000002AA2067CB00>

    def test_add_mixed_signs(self):
>       assert add(10, -4) == 6.0
               ^^^
E       NameError: name 'add' is not defined

tests\test_basic.py:8: NameError
____________________________ TestAdd.test_add_zero ____________________________

self = <test_basic.TestAdd object at 0x000002AA2067CD60>

    def test_add_zero(self):
>       assert add(7, 0) == 7.0
               ^^^
E       NameError: name 'add' is not defined

tests\test_basic.py:10: NameError
___________________________ TestAdd.test_add_floats ___________________________

self = <test_basic.TestAdd object at 0x000002AA206671D0>

    def test_add_floats(self):
>       assert add(-5.5, 2.3) == pytest.approx(-3.2)
               ^^^
E       NameError: name 'add' is not defined

tests\test_basic.py:12: NameError
_________________________ TestAdd.test_invalid_input __________________________

self = <test_basic.TestAdd object at 0x000002AA20659AE0>

    def test_invalid_input(self):
        with pytest.raises(ValueError):
>           add('a', 3)
            ^^^
E           NameError: name 'add' is not defined

tests\test_basic.py:15: NameError
=========================== short test summary info ===========================
FAILED tests/test_basic.py::TestAdd::test_add_positive_numbers - NameError: n...
FAILED tests/test_basic.py::TestAdd::test_add_negative_numbers - NameError: n...
FAILED tests/test_basic.py::TestAdd::test_add_mixed_signs - NameError: name '...
FAILED tests/test_basic.py::TestAdd::test_add_zero - NameError: name 'add' is...
FAILED tests/test_basic.py::TestAdd::test_add_floats - NameError: name 'add' ...
FAILED tests/test_basic.py::TestAdd::test_invalid_input - NameError: name 'ad...
============================== 6 failed in 0.08s ==============================

STDERR:

RETURN CODE: 1
--------------------------------------------------------------------------------

=== PYTEST RUN [Cycle: 2] ===
STDOUT:
============================= test session starts =============================
platform win32 -- Python 3.13.7, pytest-9.0.2, pluggy-1.6.0 -- C:\Users\carlo\AppData\Local\Programs\Python\Python313\python.exe
cachedir: .pytest_cache
metadata: {'Python': '3.13.7', 'Platform': 'Windows-11-10.0.26200-SP0', 'Packages': {'pytest': '9.0.2', 'pluggy': '1.6.0'}, 'Plugins': {'anyio': '4.12.1', 'cov': '7.0.0', 'json-report': '1.5.0', 'metadata': '3.1.1', 'mock': '3.15.1'}}
rootdir: C:\Users\carlo\Documents\Proyectos_Phyton\Swarm
configfile: pyproject.toml
plugins: anyio-4.12.1, cov-7.0.0, json-report-1.5.0, metadata-3.1.1, mock-3.15.1
collecting ... collected 5 items

tests/test_basic.py::TestAdd::test_add_positive_numbers PASSED           [ 20%]
tests/test_basic.py::TestAdd::test_add_negative_numbers PASSED           [ 40%]
tests/test_basic.py::TestAdd::test_add_mixed_signs PASSED                [ 60%]
tests/test_basic.py::TestAdd::test_add_with_zero PASSED                  [ 80%]
tests/test_basic.py::TestAdd::test_add_strings PASSED                    [100%]

============================== 5 passed in 0.03s ==============================

STDERR:

RETURN CODE: 0
--------------------------------------------------------------------------------

=== PYTEST RUN [Cycle: 3] ===
STDOUT:
============================= test session starts =============================
platform win32 -- Python 3.13.7, pytest-9.0.2, pluggy-1.6.0 -- C:\Users\carlo\AppData\Local\Programs\Python\Python313\python.exe
cachedir: .pytest_cache
metadata: {'Python': '3.13.7', 'Platform': 'Windows-11-10.0.26200-SP0', 'Packages': {'pytest': '9.0.2', 'pluggy': '1.6.0'}, 'Plugins': {'anyio': '4.12.1', 'cov': '7.0.0', 'json-report': '1.5.0', 'metadata': '3.1.1', 'mock': '3.15.1'}}
rootdir: C:\Users\carlo\Documents\Proyectos_Phyton\Swarm
configfile: pyproject.toml
plugins: anyio-4.12.1, cov-7.0.0, json-report-1.5.0, metadata-3.1.1, mock-3.15.1
collecting ... collected 5 items

tests/test_basic.py::TestSubtract::test_subtract_positive_numbers PASSED [ 20%]
tests/test_basic.py::TestSubtract::test_subtract_negative_numbers PASSED [ 40%]
tests/test_basic.py::TestSubtract::test_subtract_mixed_signs PASSED      [ 60%]
tests/test_basic.py::TestSubtract::test_subtract_with_zero PASSED        [ 80%]
tests/test_basic.py::TestSubtract::test_subtract_strings PASSED          [100%]

============================== 5 passed in 0.03s ==============================

STDERR:

RETURN CODE: 0
--------------------------------------------------------------------------------

=== PYTEST RUN [Cycle: 4] ===
STDOUT:
============================= test session starts =============================
platform win32 -- Python 3.13.7, pytest-9.0.2, pluggy-1.6.0 -- C:\Users\carlo\AppData\Local\Programs\Python\Python313\python.exe
cachedir: .pytest_cache
metadata: {'Python': '3.13.7', 'Platform': 'Windows-11-10.0.26200-SP0', 'Packages': {'pytest': '9.0.2', 'pluggy': '1.6.0'}, 'Plugins': {'anyio': '4.12.1', 'cov': '7.0.0', 'json-report': '1.5.0', 'metadata': '3.1.1', 'mock': '3.15.1'}}
rootdir: C:\Users\carlo\Documents\Proyectos_Phyton\Swarm
configfile: pyproject.toml
plugins: anyio-4.12.1, cov-7.0.0, json-report-1.5.0, metadata-3.1.1, mock-3.15.1
collecting ... collected 0 items / 1 error

=================================== ERRORS ====================================
____________________ ERROR collecting tests/test_basic.py _____________________
..\..\..\AppData\Local\Programs\Python\Python313\Lib\site-packages\_pytest\python.py:507: in importtestmodule
    mod = import_path(
..\..\..\AppData\Local\Programs\Python\Python313\Lib\site-packages\_pytest\pathlib.py:587: in import_path
    importlib.import_module(module_name)
..\..\..\AppData\Local\Programs\Python\Python313\Lib\importlib\__init__.py:88: in import_module
    return _bootstrap._gcd_import(name[level:], package, level)
           ^^^^^^^^^^^^^^^^^^^^^^^^^^^^^^^^^^^^^^^^^^^^^^^^^^^^
<frozen importlib._bootstrap>:1387: in _gcd_import
    ???
<frozen importlib._bootstrap>:1360: in _find_and_load
    ???
<frozen importlib._bootstrap>:1331: in _find_and_load_unlocked
    ???
<frozen importlib._bootstrap>:935: in _load_unlocked
    ???
..\..\..\AppData\Local\Programs\Python\Python313\Lib\site-packages\_pytest\assertion\rewrite.py:188: in exec_module
    source_stat, co = _rewrite_test(fn, self.config)
                      ^^^^^^^^^^^^^^^^^^^^^^^^^^^^^^
..\..\..\AppData\Local\Programs\Python\Python313\Lib\site-packages\_pytest\assertion\rewrite.py:357: in _rewrite_test
    tree = ast.parse(source, filename=strfn)
           ^^^^^^^^^^^^^^^^^^^^^^^^^^^^^^^^^
..\..\..\AppData\Local\Programs\Python\Python313\Lib\ast.py:50: in parse
    return compile(source, filename, mode, flags,
E     File "C:\Users\carlo\Documents\Proyectos_Phyton\Swarm\tests\test_basic.py", line 2
E       from core.operations import *\nclass TestDivide:
E                                     ^
E   SyntaxError: unexpected character after line continuation character
=========================== short test summary info ===========================
ERROR tests/test_basic.py
!!!!!!!!!!!!!!!!!!! Interrupted: 1 error during collection !!!!!!!!!!!!!!!!!!!!
============================== 1 error in 0.26s ===============================

STDERR:

RETURN CODE: 2
--------------------------------------------------------------------------------

=== PYTEST RUN [Cycle: 4] ===
STDOUT:
============================= test session starts =============================
platform win32 -- Python 3.13.7, pytest-9.0.2, pluggy-1.6.0 -- C:\Users\carlo\AppData\Local\Programs\Python\Python313\python.exe
cachedir: .pytest_cache
metadata: {'Python': '3.13.7', 'Platform': 'Windows-11-10.0.26200-SP0', 'Packages': {'pytest': '9.0.2', 'pluggy': '1.6.0'}, 'Plugins': {'anyio': '4.12.1', 'cov': '7.0.0', 'json-report': '1.5.0', 'metadata': '3.1.1', 'mock': '3.15.1'}}
rootdir: C:\Users\carlo\Documents\Proyectos_Phyton\Swarm
configfile: pyproject.toml
plugins: anyio-4.12.1, cov-7.0.0, json-report-1.5.0, metadata-3.1.1, mock-3.15.1
collecting ... collected 6 items

tests/test_basic.py::TestDivide::test_divide_positive_numbers PASSED     [ 16%]
tests/test_basic.py::TestDivide::test_divide_negative_numbers PASSED     [ 33%]
tests/test_basic.py::TestDivide::test_divide_mixed_signs PASSED          [ 50%]
tests/test_basic.py::TestDivide::test_divide_with_zero_numerator FAILED  [ 66%]
tests/test_basic.py::TestDivide::test_divide_with_zero_denominator PASSED [ 83%]
tests/test_basic.py::TestDivide::test_divide_strings PASSED              [100%]

================================== FAILURES ===================================
_________________ TestDivide.test_divide_with_zero_numerator __________________

self = <test_basic.TestDivide object at 0x0000019457C0D220>

    def test_divide_with_zero_numerator(self):
>       with pytest.raises(ZeroDivisionError):
            ^^^^^^^^^^^^^^^^^^^^^^^^^^^^^^^^
E       Failed: DID NOT RAISE <class 'ZeroDivisionError'>

tests\test_basic.py:11: Failed
=========================== short test summary info ===========================
FAILED tests/test_basic.py::TestDivide::test_divide_with_zero_numerator - Fai...
========================= 1 failed, 5 passed in 0.08s =========================

STDERR:

RETURN CODE: 1
--------------------------------------------------------------------------------

=== PYTEST RUN [Cycle: 4] ===
STDOUT:
============================= test session starts =============================
platform win32 -- Python 3.13.7, pytest-9.0.2, pluggy-1.6.0 -- C:\Users\carlo\AppData\Local\Programs\Python\Python313\python.exe
cachedir: .pytest_cache
metadata: {'Python': '3.13.7', 'Platform': 'Windows-11-10.0.26200-SP0', 'Packages': {'pytest': '9.0.2', 'pluggy': '1.6.0'}, 'Plugins': {'anyio': '4.12.1', 'cov': '7.0.0', 'json-report': '1.5.0', 'metadata': '3.1.1', 'mock': '3.15.1'}}
rootdir: C:\Users\carlo\Documents\Proyectos_Phyton\Swarm
configfile: pyproject.toml
plugins: anyio-4.12.1, cov-7.0.0, json-report-1.5.0, metadata-3.1.1, mock-3.15.1
collecting ... collected 5 items

tests/test_basic.py::TestDivide::test_divide_positive_numbers PASSED     [ 20%]
tests/test_basic.py::TestDivide::test_divide_negative_numbers PASSED     [ 40%]
tests/test_basic.py::TestDivide::test_divide_mixed_signs PASSED          [ 60%]
tests/test_basic.py::TestDivide::test_divide_with_zero_numerator PASSED  [ 80%]
tests/test_basic.py::TestDivide::test_divide_with_zero_denominator PASSED [100%]

============================== 5 passed in 0.03s ==============================

STDERR:

RETURN CODE: 0
--------------------------------------------------------------------------------

=== PYTEST RUN [Cycle: 5] ===
STDOUT:
============================= test session starts =============================
platform win32 -- Python 3.13.7, pytest-9.0.2, pluggy-1.6.0 -- C:\Users\carlo\AppData\Local\Programs\Python\Python313\python.exe
cachedir: .pytest_cache
metadata: {'Python': '3.13.7', 'Platform': 'Windows-11-10.0.26200-SP0', 'Packages': {'pytest': '9.0.2', 'pluggy': '1.6.0'}, 'Plugins': {'anyio': '4.12.1', 'cov': '7.0.0', 'json-report': '1.5.0', 'metadata': '3.1.1', 'mock': '3.15.1'}}
rootdir: C:\Users\carlo\Documents\Proyectos_Phyton\Swarm
configfile: pyproject.toml
plugins: anyio-4.12.1, cov-7.0.0, json-report-1.5.0, metadata-3.1.1, mock-3.15.1
collecting ... collected 5 items

tests/test_basic.py::TestModulo::test_modulo_positive_numbers PASSED     [ 20%]
tests/test_basic.py::TestModulo::test_modulo_negative_numbers PASSED     [ 40%]
tests/test_basic.py::TestModulo::test_modulo_mixed_signs FAILED          [ 60%]
tests/test_basic.py::TestModulo::test_modulo_with_zero_remainder PASSED  [ 80%]
tests/test_basic.py::TestModulo::test_modulo_with_divisor_zero PASSED    [100%]

================================== FAILURES ===================================
_____________________ TestModulo.test_modulo_mixed_signs ______________________

self = <test_basic.TestModulo object at 0x000002584EF2CFC0>

    def test_modulo_mixed_signs(self):
>       assert modulo(7, -4) == 3.0
E       assert -1 == 3.0
E        +  where -1 = modulo(7, -4)

tests\test_basic.py:9: AssertionError
=========================== short test summary info ===========================
FAILED tests/test_basic.py::TestModulo::test_modulo_mixed_signs - assert -1 =...
========================= 1 failed, 4 passed in 0.08s =========================

STDERR:

RETURN CODE: 1
--------------------------------------------------------------------------------

=== PYTEST RUN [Cycle: 5] ===
STDOUT:
============================= test session starts =============================
platform win32 -- Python 3.13.7, pytest-9.0.2, pluggy-1.6.0 -- C:\Users\carlo\AppData\Local\Programs\Python\Python313\python.exe
cachedir: .pytest_cache
metadata: {'Python': '3.13.7', 'Platform': 'Windows-11-10.0.26200-SP0', 'Packages': {'pytest': '9.0.2', 'pluggy': '1.6.0'}, 'Plugins': {'anyio': '4.12.1', 'cov': '7.0.0', 'json-report': '1.5.0', 'metadata': '3.1.1', 'mock': '3.15.1'}}
rootdir: C:\Users\carlo\Documents\Proyectos_Phyton\Swarm
configfile: pyproject.toml
plugins: anyio-4.12.1, cov-7.0.0, json-report-1.5.0, metadata-3.1.1, mock-3.15.1
collecting ... collected 0 items / 1 error

=================================== ERRORS ====================================
____________________ ERROR collecting tests/test_basic.py _____________________
..\..\..\AppData\Local\Programs\Python\Python313\Lib\site-packages\_pytest\python.py:507: in importtestmodule
    mod = import_path(
..\..\..\AppData\Local\Programs\Python\Python313\Lib\site-packages\_pytest\pathlib.py:587: in import_path
    importlib.import_module(module_name)
..\..\..\AppData\Local\Programs\Python\Python313\Lib\importlib\__init__.py:88: in import_module
    return _bootstrap._gcd_import(name[level:], package, level)
           ^^^^^^^^^^^^^^^^^^^^^^^^^^^^^^^^^^^^^^^^^^^^^^^^^^^^
<frozen importlib._bootstrap>:1387: in _gcd_import
    ???
<frozen importlib._bootstrap>:1360: in _find_and_load
    ???
<frozen importlib._bootstrap>:1331: in _find_and_load_unlocked
    ???
<frozen importlib._bootstrap>:935: in _load_unlocked
    ???
..\..\..\AppData\Local\Programs\Python\Python313\Lib\site-packages\_pytest\assertion\rewrite.py:188: in exec_module
    source_stat, co = _rewrite_test(fn, self.config)
                      ^^^^^^^^^^^^^^^^^^^^^^^^^^^^^^
..\..\..\AppData\Local\Programs\Python\Python313\Lib\site-packages\_pytest\assertion\rewrite.py:357: in _rewrite_test
    tree = ast.parse(source, filename=strfn)
           ^^^^^^^^^^^^^^^^^^^^^^^^^^^^^^^^^
..\..\..\AppData\Local\Programs\Python\Python313\Lib\ast.py:50: in parse
    return compile(source, filename, mode, flags,
E     File "C:\Users\carlo\Documents\Proyectos_Phyton\Swarm\tests\test_basic.py", line 2
E       from core.operations import * class TestModulo:
E                                     ^^^^^
E   SyntaxError: invalid syntax
=========================== short test summary info ===========================
ERROR tests/test_basic.py
!!!!!!!!!!!!!!!!!!! Interrupted: 1 error during collection !!!!!!!!!!!!!!!!!!!!
============================== 1 error in 0.24s ===============================

STDERR:

RETURN CODE: 2
--------------------------------------------------------------------------------

=== PYTEST RUN [Cycle: 5] ===
STDOUT:
============================= test session starts =============================
platform win32 -- Python 3.13.7, pytest-9.0.2, pluggy-1.6.0 -- C:\Users\carlo\AppData\Local\Programs\Python\Python313\python.exe
cachedir: .pytest_cache
metadata: {'Python': '3.13.7', 'Platform': 'Windows-11-10.0.26200-SP0', 'Packages': {'pytest': '9.0.2', 'pluggy': '1.6.0'}, 'Plugins': {'anyio': '4.12.1', 'cov': '7.0.0', 'json-report': '1.5.0', 'metadata': '3.1.1', 'mock': '3.15.1'}}
rootdir: C:\Users\carlo\Documents\Proyectos_Phyton\Swarm
configfile: pyproject.toml
plugins: anyio-4.12.1, cov-7.0.0, json-report-1.5.0, metadata-3.1.1, mock-3.15.1
collecting ... collected 4 items

tests/test_basic.py::TestModulo::test_modulo_positive_numbers PASSED     [ 25%]
tests/test_basic.py::TestModulo::test_modulo_negative_numbers FAILED     [ 50%]
tests/test_basic.py::TestModulo::test_modulo_mixed_signs FAILED          [ 75%]
tests/test_basic.py::TestModulo::test_modulo_with_zero_divisor PASSED    [100%]

================================== FAILURES ===================================
___________________ TestModulo.test_modulo_negative_numbers ___________________

self = <test_basic.TestModulo object at 0x00000295D25E4F50>

    def test_modulo_negative_numbers(self):
>       assert modulo(-7, 3) == -1.0
E       assert 2 == -1.0
E        +  where 2 = modulo(-7, 3)

tests\test_basic.py:7: AssertionError
_____________________ TestModulo.test_modulo_mixed_signs ______________________

self = <test_basic.TestModulo object at 0x00000295D25ACFC0>

    def test_modulo_mixed_signs(self):
>       assert modulo(9, -4) == -1.0
E       assert -3 == -1.0
E        +  where -3 = modulo(9, -4)

tests\test_basic.py:9: AssertionError
=========================== short test summary info ===========================
FAILED tests/test_basic.py::TestModulo::test_modulo_negative_numbers - assert...
FAILED tests/test_basic.py::TestModulo::test_modulo_mixed_signs - assert -3 =...
========================= 2 failed, 2 passed in 0.09s =========================

STDERR:

RETURN CODE: 1
--------------------------------------------------------------------------------

=== PYTEST RUN [Cycle: 5] ===
STDOUT:
============================= test session starts =============================
platform win32 -- Python 3.13.7, pytest-9.0.2, pluggy-1.6.0 -- C:\Users\carlo\AppData\Local\Programs\Python\Python313\python.exe
cachedir: .pytest_cache
metadata: {'Python': '3.13.7', 'Platform': 'Windows-11-10.0.26200-SP0', 'Packages': {'pytest': '9.0.2', 'pluggy': '1.6.0'}, 'Plugins': {'anyio': '4.12.1', 'cov': '7.0.0', 'json-report': '1.5.0', 'metadata': '3.1.1', 'mock': '3.15.1'}}
rootdir: C:\Users\carlo\Documents\Proyectos_Phyton\Swarm
configfile: pyproject.toml
plugins: anyio-4.12.1, cov-7.0.0, json-report-1.5.0, metadata-3.1.1, mock-3.15.1
collecting ... collected 3 items

tests/test_basic.py::TestModulo::test_modulo_positive_numbers PASSED     [ 33%]
tests/test_basic.py::TestModulo::test_modulo_negative_numbers FAILED     [ 66%]
tests/test_basic.py::TestModulo::test_modulo_mixed_signs PASSED          [100%]

================================== FAILURES ===================================
___________________ TestModulo.test_modulo_negative_numbers ___________________

self = <test_basic.TestModulo object at 0x000001D966F24F50>

    def test_modulo_negative_numbers(self):
>       assert modulo(-7, 3) == -1.0
E       assert 2 == -1.0
E        +  where 2 = modulo(-7, 3)

tests\test_basic.py:7: AssertionError
=========================== short test summary info ===========================
FAILED tests/test_basic.py::TestModulo::test_modulo_negative_numbers - assert...
========================= 1 failed, 2 passed in 0.07s =========================

STDERR:

RETURN CODE: 1
--------------------------------------------------------------------------------

=== PYTEST RUN [Cycle: 5] ===
STDOUT:
============================= test session starts =============================
platform win32 -- Python 3.13.7, pytest-9.0.2, pluggy-1.6.0 -- C:\Users\carlo\AppData\Local\Programs\Python\Python313\python.exe
cachedir: .pytest_cache
metadata: {'Python': '3.13.7', 'Platform': 'Windows-11-10.0.26200-SP0', 'Packages': {'pytest': '9.0.2', 'pluggy': '1.6.0'}, 'Plugins': {'anyio': '4.12.1', 'cov': '7.0.0', 'json-report': '1.5.0', 'metadata': '3.1.1', 'mock': '3.15.1'}}
rootdir: C:\Users\carlo\Documents\Proyectos_Phyton\Swarm
configfile: pyproject.toml
plugins: anyio-4.12.1, cov-7.0.0, json-report-1.5.0, metadata-3.1.1, mock-3.15.1
collecting ... collected 5 items

tests/test_basic.py::TestModulo::test_modulo_positive_numbers PASSED     [ 20%]
tests/test_basic.py::TestModulo::test_modulo_negative_numbers FAILED     [ 40%]
tests/test_basic.py::TestModulo::test_modulo_mixed_signs PASSED          [ 60%]
tests/test_basic.py::TestModulo::test_modulo_with_zero_remainder PASSED  [ 80%]
tests/test_basic.py::TestModulo::test_modulo_with_zero_divisor PASSED    [100%]

================================== FAILURES ===================================
___________________ TestModulo.test_modulo_negative_numbers ___________________

self = <test_basic.TestModulo object at 0x000001AFF43F4F50>

    def test_modulo_negative_numbers(self):
>       assert modulo(-7, 3) == -1.0
E       assert 2 == -1.0
E        +  where 2 = modulo(-7, 3)

tests\test_basic.py:7: AssertionError
=========================== short test summary info ===========================
FAILED tests/test_basic.py::TestModulo::test_modulo_negative_numbers - assert...
========================= 1 failed, 4 passed in 0.08s =========================

STDERR:

RETURN CODE: 1
--------------------------------------------------------------------------------

=== PYTEST RUN [Cycle: 5] ===
STDOUT:
============================= test session starts =============================
platform win32 -- Python 3.13.7, pytest-9.0.2, pluggy-1.6.0 -- C:\Users\carlo\AppData\Local\Programs\Python\Python313\python.exe
cachedir: .pytest_cache
metadata: {'Python': '3.13.7', 'Platform': 'Windows-11-10.0.26200-SP0', 'Packages': {'pytest': '9.0.2', 'pluggy': '1.6.0'}, 'Plugins': {'anyio': '4.12.1', 'cov': '7.0.0', 'json-report': '1.5.0', 'metadata': '3.1.1', 'mock': '3.15.1'}}
rootdir: C:\Users\carlo\Documents\Proyectos_Phyton\Swarm
configfile: pyproject.toml
plugins: anyio-4.12.1, cov-7.0.0, json-report-1.5.0, metadata-3.1.1, mock-3.15.1
collecting ... collected 0 items / 1 error

=================================== ERRORS ====================================
____________________ ERROR collecting tests/test_basic.py _____________________
..\..\..\AppData\Local\Programs\Python\Python313\Lib\site-packages\_pytest\python.py:507: in importtestmodule
    mod = import_path(
..\..\..\AppData\Local\Programs\Python\Python313\Lib\site-packages\_pytest\pathlib.py:587: in import_path
    importlib.import_module(module_name)
..\..\..\AppData\Local\Programs\Python\Python313\Lib\importlib\__init__.py:88: in import_module
    return _bootstrap._gcd_import(name[level:], package, level)
           ^^^^^^^^^^^^^^^^^^^^^^^^^^^^^^^^^^^^^^^^^^^^^^^^^^^^
<frozen importlib._bootstrap>:1387: in _gcd_import
    ???
<frozen importlib._bootstrap>:1360: in _find_and_load
    ???
<frozen importlib._bootstrap>:1331: in _find_and_load_unlocked
    ???
<frozen importlib._bootstrap>:935: in _load_unlocked
    ???
..\..\..\AppData\Local\Programs\Python\Python313\Lib\site-packages\_pytest\assertion\rewrite.py:188: in exec_module
    source_stat, co = _rewrite_test(fn, self.config)
                      ^^^^^^^^^^^^^^^^^^^^^^^^^^^^^^
..\..\..\AppData\Local\Programs\Python\Python313\Lib\site-packages\_pytest\assertion\rewrite.py:357: in _rewrite_test
    tree = ast.parse(source, filename=strfn)
           ^^^^^^^^^^^^^^^^^^^^^^^^^^^^^^^^^
..\..\..\AppData\Local\Programs\Python\Python313\Lib\ast.py:50: in parse
    return compile(source, filename, mode, flags,
E     File "C:\Users\carlo\Documents\Proyectos_Phyton\Swarm\tests\test_basic.py", line 6
E       def test_modulo_with_zero_numerator(self):        with pytest.raises(ZeroDivisionError):            modulo(0, 0)
E                                                         ^^^^
E   SyntaxError: invalid syntax
=========================== short test summary info ===========================
ERROR tests/test_basic.py
!!!!!!!!!!!!!!!!!!! Interrupted: 1 error during collection !!!!!!!!!!!!!!!!!!!!
============================== 1 error in 0.21s ===============================

STDERR:

RETURN CODE: 2
--------------------------------------------------------------------------------

=== PYTEST RUN [Cycle: 5] ===
STDOUT:
============================= test session starts =============================
platform win32 -- Python 3.13.7, pytest-9.0.2, pluggy-1.6.0 -- C:\Users\carlo\AppData\Local\Programs\Python\Python313\python.exe
cachedir: .pytest_cache
metadata: {'Python': '3.13.7', 'Platform': 'Windows-11-10.0.26200-SP0', 'Packages': {'pytest': '9.0.2', 'pluggy': '1.6.0'}, 'Plugins': {'anyio': '4.12.1', 'cov': '7.0.0', 'json-report': '1.5.0', 'metadata': '3.1.1', 'mock': '3.15.1'}}
rootdir: C:\Users\carlo\Documents\Proyectos_Phyton\Swarm
configfile: pyproject.toml
plugins: anyio-4.12.1, cov-7.0.0, json-report-1.5.0, metadata-3.1.1, mock-3.15.1
collecting ... collected 5 items

tests/test_basic.py::TestModulo::test_modulo_positive_numbers PASSED     [ 20%]
tests/test_basic.py::TestModulo::test_modulo_negative_numbers PASSED     [ 40%]
tests/test_basic.py::TestModulo::test_modulo_mixed_signs FAILED          [ 60%]
tests/test_basic.py::TestModulo::test_modulo_with_zero_first_arg PASSED  [ 80%]
tests/test_basic.py::TestModulo::test_modulo_with_zero_second_arg PASSED [100%]

================================== FAILURES ===================================
_____________________ TestModulo.test_modulo_mixed_signs ______________________

self = <test_basic.TestModulo object at 0x000001B2F12CCFC0>

    def test_modulo_mixed_signs(self):
>       assert modulo(8, -5) == 3.0
E       assert -2 == 3.0
E        +  where -2 = modulo(8, -5)

tests\test_basic.py:9: AssertionError
=========================== short test summary info ===========================
FAILED tests/test_basic.py::TestModulo::test_modulo_mixed_signs - assert -2 =...
========================= 1 failed, 4 passed in 0.09s =========================

STDERR:

RETURN CODE: 1
--------------------------------------------------------------------------------

=== PYTEST RUN [Cycle: 5] ===
STDOUT:
============================= test session starts =============================
platform win32 -- Python 3.13.7, pytest-9.0.2, pluggy-1.6.0 -- C:\Users\carlo\AppData\Local\Programs\Python\Python313\python.exe
cachedir: .pytest_cache
metadata: {'Python': '3.13.7', 'Platform': 'Windows-11-10.0.26200-SP0', 'Packages': {'pytest': '9.0.2', 'pluggy': '1.6.0'}, 'Plugins': {'anyio': '4.12.1', 'cov': '7.0.0', 'json-report': '1.5.0', 'metadata': '3.1.1', 'mock': '3.15.1'}}
rootdir: C:\Users\carlo\Documents\Proyectos_Phyton\Swarm
configfile: pyproject.toml
plugins: anyio-4.12.1, cov-7.0.0, json-report-1.5.0, metadata-3.1.1, mock-3.15.1
collecting ... collected 5 items

tests/test_basic.py::TestModulo::test_modulo_positive_numbers PASSED     [ 20%]
tests/test_basic.py::TestModulo::test_modulo_negative_numbers FAILED     [ 40%]
tests/test_basic.py::TestModulo::test_modulo_mixed_signs FAILED          [ 60%]
tests/test_basic.py::TestModulo::test_modulo_with_zero_remainder PASSED  [ 80%]
tests/test_basic.py::TestModulo::test_modulo_with_zero_divisor PASSED    [100%]

================================== FAILURES ===================================
___________________ TestModulo.test_modulo_negative_numbers ___________________

self = <test_basic.TestModulo object at 0x000002C08FAD4F50>

    def test_modulo_negative_numbers(self):
>       assert modulo(-10, -3) == -2.0
E       assert -1 == -2.0
E        +  where -1 = modulo(-10, -3)

tests\test_basic.py:7: AssertionError
_____________________ TestModulo.test_modulo_mixed_signs ______________________

self = <test_basic.TestModulo object at 0x000002C08FA9CFC0>

    def test_modulo_mixed_signs(self):
>       assert modulo(7, -4) == 3.0
E       assert -1 == 3.0
E        +  where -1 = modulo(7, -4)

tests\test_basic.py:9: AssertionError
=========================== short test summary info ===========================
FAILED tests/test_basic.py::TestModulo::test_modulo_negative_numbers - assert...
FAILED tests/test_basic.py::TestModulo::test_modulo_mixed_signs - assert -1 =...
========================= 2 failed, 3 passed in 0.09s =========================

STDERR:

RETURN CODE: 1
--------------------------------------------------------------------------------

=== PYTEST RUN [Cycle: 5] ===
STDOUT:
============================= test session starts =============================
platform win32 -- Python 3.13.7, pytest-9.0.2, pluggy-1.6.0 -- C:\Users\carlo\AppData\Local\Programs\Python\Python313\python.exe
cachedir: .pytest_cache
metadata: {'Python': '3.13.7', 'Platform': 'Windows-11-10.0.26200-SP0', 'Packages': {'pytest': '9.0.2', 'pluggy': '1.6.0'}, 'Plugins': {'anyio': '4.12.1', 'cov': '7.0.0', 'json-report': '1.5.0', 'metadata': '3.1.1', 'mock': '3.15.1'}}
rootdir: C:\Users\carlo\Documents\Proyectos_Phyton\Swarm
configfile: pyproject.toml
plugins: anyio-4.12.1, cov-7.0.0, json-report-1.5.0, metadata-3.1.1, mock-3.15.1
collecting ... collected 4 items

tests/test_basic.py::TestModulo::test_modulo_positive_numbers PASSED     [ 25%]
tests/test_basic.py::TestModulo::test_modulo_negative_numbers PASSED     [ 50%]
tests/test_basic.py::TestModulo::test_modulo_mixed_signs FAILED          [ 75%]
tests/test_basic.py::TestModulo::test_modulo_with_zero PASSED            [100%]

================================== FAILURES ===================================
_____________________ TestModulo.test_modulo_mixed_signs ______________________

self = <test_basic.TestModulo object at 0x000001C05493CFC0>

    def test_modulo_mixed_signs(self):
>       assert modulo(5, -2) == 1.0
E       assert -1 == 1.0
E        +  where -1 = modulo(5, -2)

tests\test_basic.py:9: AssertionError
=========================== short test summary info ===========================
FAILED tests/test_basic.py::TestModulo::test_modulo_mixed_signs - assert -1 =...
========================= 1 failed, 3 passed in 0.09s =========================

STDERR:

RETURN CODE: 1
--------------------------------------------------------------------------------

=== PYTEST RUN [Cycle: 5] ===
STDOUT:
============================= test session starts =============================
platform win32 -- Python 3.13.7, pytest-9.0.2, pluggy-1.6.0 -- C:\Users\carlo\AppData\Local\Programs\Python\Python313\python.exe
cachedir: .pytest_cache
metadata: {'Python': '3.13.7', 'Platform': 'Windows-11-10.0.26200-SP0', 'Packages': {'pytest': '9.0.2', 'pluggy': '1.6.0'}, 'Plugins': {'anyio': '4.12.1', 'cov': '7.0.0', 'json-report': '1.5.0', 'metadata': '3.1.1', 'mock': '3.15.1'}}
rootdir: C:\Users\carlo\Documents\Proyectos_Phyton\Swarm
configfile: pyproject.toml
plugins: anyio-4.12.1, cov-7.0.0, json-report-1.5.0, metadata-3.1.1, mock-3.15.1
collecting ... collected 5 items

tests/test_basic.py::TestModulo::test_modulo_positive_numbers PASSED     [ 20%]
tests/test_basic.py::TestModulo::test_modulo_negative_numbers FAILED     [ 40%]
tests/test_basic.py::TestModulo::test_modulo_mixed_signs PASSED          [ 60%]
tests/test_basic.py::TestModulo::test_modulo_with_zero_numerator PASSED  [ 80%]
tests/test_basic.py::TestModulo::test_modulo_with_zero_divisor PASSED    [100%]

================================== FAILURES ===================================
___________________ TestModulo.test_modulo_negative_numbers ___________________

self = <test_basic.TestModulo object at 0x000001DCD3DC4F50>

    def test_modulo_negative_numbers(self):
>       assert modulo(-5, 2) == -1.0
E       assert 1 == -1.0
E        +  where 1 = modulo(-5, 2)

tests\test_basic.py:7: AssertionError
=========================== short test summary info ===========================
FAILED tests/test_basic.py::TestModulo::test_modulo_negative_numbers - assert...
========================= 1 failed, 4 passed in 0.09s =========================

STDERR:

RETURN CODE: 1
--------------------------------------------------------------------------------

=== PYTEST RUN [Cycle: 0] ===
STDOUT:
============================= test session starts =============================
platform win32 -- Python 3.13.7, pytest-9.0.2, pluggy-1.6.0 -- C:\Users\carlo\AppData\Local\Programs\Python\Python313\python.exe
cachedir: .pytest_cache
metadata: {'Python': '3.13.7', 'Platform': 'Windows-11-10.0.26200-SP0', 'Packages': {'pytest': '9.0.2', 'pluggy': '1.6.0'}, 'Plugins': {'anyio': '4.12.1', 'cov': '7.0.0', 'json-report': '1.5.0', 'metadata': '3.1.1', 'mock': '3.15.1'}}
rootdir: C:\Users\carlo\Documents\Proyectos_Phyton\Swarm
configfile: pyproject.toml
plugins: anyio-4.12.1, cov-7.0.0, json-report-1.5.0, metadata-3.1.1, mock-3.15.1
collecting ... collected 5 items

tests/test_basic.py::TestDivide::test_divide_positive_numbers PASSED     [ 20%]
tests/test_basic.py::TestDivide::test_divide_negative_numbers PASSED     [ 40%]
tests/test_basic.py::TestDivide::test_divide_mixed_signs PASSED          [ 60%]
tests/test_basic.py::TestDivide::test_divide_with_zero_numerator PASSED  [ 80%]
tests/test_basic.py::TestDivide::test_divide_with_zero_denominator PASSED [100%]

============================== 5 passed in 0.03s ==============================

STDERR:

RETURN CODE: 0
--------------------------------------------------------------------------------

=== PYTEST RUN [Cycle: 0] ===
STDOUT:
============================= test session starts =============================
platform win32 -- Python 3.13.7, pytest-9.0.2, pluggy-1.6.0 -- C:\Users\carlo\AppData\Local\Programs\Python\Python313\python.exe
cachedir: .pytest_cache
metadata: {'Python': '3.13.7', 'Platform': 'Windows-11-10.0.26200-SP0', 'Packages': {'pytest': '9.0.2', 'pluggy': '1.6.0'}, 'Plugins': {'anyio': '4.12.1', 'cov': '7.0.0', 'json-report': '1.5.0', 'metadata': '3.1.1', 'mock': '3.15.1'}}
rootdir: C:\Users\carlo\Documents\Proyectos_Phyton\Swarm
configfile: pyproject.toml
plugins: anyio-4.12.1, cov-7.0.0, json-report-1.5.0, metadata-3.1.1, mock-3.15.1
collecting ... collected 10 items

tests/test_basic.py::TestDivide::test_divide_positive_numbers PASSED     [ 10%]
tests/test_basic.py::TestDivide::test_divide_negative_numbers PASSED     [ 20%]
tests/test_basic.py::TestDivide::test_divide_mixed_signs PASSED          [ 30%]
tests/test_basic.py::TestDivide::test_divide_with_zero_numerator PASSED  [ 40%]
tests/test_basic.py::TestDivide::test_divide_with_zero_denominator PASSED [ 50%]
tests/test_basic.py::TestDivideFloatingPoint::test_divide_positive_floats PASSED [ 60%]
tests/test_basic.py::TestDivideFloatingPoint::test_divide_negative_floats PASSED [ 70%]
tests/test_basic.py::TestDivideFloatingPoint::test_divide_mixed_signs_floats PASSED [ 80%]
tests/test_basic.py::TestDivideFloatingPoint::test_divide_with_zero_numerator_float PASSED [ 90%]
tests/test_basic.py::TestDivideFloatingPoint::test_divide_with_zero_denominator_float PASSED [100%]

============================= 10 passed in 0.04s ==============================

STDERR:

RETURN CODE: 0
--------------------------------------------------------------------------------

=== PYTEST RUN [Cycle: 0] ===
STDOUT:
============================= test session starts =============================
platform win32 -- Python 3.13.7, pytest-9.0.2, pluggy-1.6.0 -- C:\Users\carlo\AppData\Local\Programs\Python\Python313\python.exe
cachedir: .pytest_cache
metadata: {'Python': '3.13.7', 'Platform': 'Windows-11-10.0.26200-SP0', 'Packages': {'pytest': '9.0.2', 'pluggy': '1.6.0'}, 'Plugins': {'anyio': '4.12.1', 'cov': '7.0.0', 'json-report': '1.5.0', 'metadata': '3.1.1', 'mock': '3.15.1'}}
rootdir: C:\Users\carlo\Documents\Proyectos_Phyton\Swarm
configfile: pyproject.toml
plugins: anyio-4.12.1, cov-7.0.0, json-report-1.5.0, metadata-3.1.1, mock-3.15.1
collecting ... collected 4 items

tests/test_basic.py::TestMultiply::test_multiply_positive_numbers PASSED [ 25%]
tests/test_basic.py::TestMultiply::test_multiply_negative_numbers PASSED [ 50%]
tests/test_basic.py::TestMultiply::test_multiply_mixed_signs PASSED      [ 75%]
tests/test_basic.py::TestMultiply::test_multiply_with_zero PASSED        [100%]

============================== 4 passed in 0.03s ==============================

STDERR:

RETURN CODE: 0
--------------------------------------------------------------------------------

=== PYTEST RUN [Cycle: 1] ===
STDOUT:
============================= test session starts =============================
platform win32 -- Python 3.13.7, pytest-9.0.2, pluggy-1.6.0 -- C:\Users\carlo\AppData\Local\Programs\Python\Python313\python.exe
cachedir: .pytest_cache
metadata: {'Python': '3.13.7', 'Platform': 'Windows-11-10.0.26200-SP0', 'Packages': {'pytest': '9.0.2', 'pluggy': '1.6.0'}, 'Plugins': {'anyio': '4.12.1', 'cov': '7.0.0', 'json-report': '1.5.0', 'metadata': '3.1.1', 'mock': '3.15.1'}}
rootdir: C:\Users\carlo\Documents\Proyectos_Phyton\Swarm
configfile: pyproject.toml
plugins: anyio-4.12.1, cov-7.0.0, json-report-1.5.0, metadata-3.1.1, mock-3.15.1
collecting ... collected 5 items

tests/test_basic.py::TestMultiply::test_multiply_positive_numbers PASSED [ 20%]
tests/test_basic.py::TestMultiply::test_multiply_negative_numbers PASSED [ 40%]
tests/test_basic.py::TestMultiply::test_multiply_mixed_signs PASSED      [ 60%]
tests/test_basic.py::TestMultiply::test_multiply_with_zero PASSED        [ 80%]
tests/test_basic.py::test_multiply_invalid_input PASSED                  [100%]

============================== 5 passed in 0.03s ==============================

STDERR:

RETURN CODE: 0
--------------------------------------------------------------------------------

=== PYTEST RUN [Cycle: 2] ===
STDOUT:
============================= test session starts =============================
platform win32 -- Python 3.13.7, pytest-9.0.2, pluggy-1.6.0 -- C:\Users\carlo\AppData\Local\Programs\Python\Python313\python.exe
cachedir: .pytest_cache
metadata: {'Python': '3.13.7', 'Platform': 'Windows-11-10.0.26200-SP0', 'Packages': {'pytest': '9.0.2', 'pluggy': '1.6.0'}, 'Plugins': {'anyio': '4.12.1', 'cov': '7.0.0', 'json-report': '1.5.0', 'metadata': '3.1.1', 'mock': '3.15.1'}}
rootdir: C:\Users\carlo\Documents\Proyectos_Phyton\Swarm
configfile: pyproject.toml
plugins: anyio-4.12.1, cov-7.0.0, json-report-1.5.0, metadata-3.1.1, mock-3.15.1
collecting ... collected 5 items

tests/test_basic.py::TestAdd::test_add_positive_numbers PASSED           [ 20%]
tests/test_basic.py::TestAdd::test_add_negative_numbers PASSED           [ 40%]
tests/test_basic.py::TestAdd::test_add_mixed_signs PASSED                [ 60%]
tests/test_basic.py::TestAdd::test_add_with_zero PASSED                  [ 80%]
tests/test_basic.py::test_add_invalid_input PASSED                       [100%]

============================== 5 passed in 0.03s ==============================

STDERR:

RETURN CODE: 0
--------------------------------------------------------------------------------

=== PYTEST RUN [Cycle: 3] ===
STDOUT:
============================= test session starts =============================
platform win32 -- Python 3.13.7, pytest-9.0.2, pluggy-1.6.0 -- C:\Users\carlo\AppData\Local\Programs\Python\Python313\python.exe
cachedir: .pytest_cache
metadata: {'Python': '3.13.7', 'Platform': 'Windows-11-10.0.26200-SP0', 'Packages': {'pytest': '9.0.2', 'pluggy': '1.6.0'}, 'Plugins': {'anyio': '4.12.1', 'cov': '7.0.0', 'json-report': '1.5.0', 'metadata': '3.1.1', 'mock': '3.15.1'}}
rootdir: C:\Users\carlo\Documents\Proyectos_Phyton\Swarm
configfile: pyproject.toml
plugins: anyio-4.12.1, cov-7.0.0, json-report-1.5.0, metadata-3.1.1, mock-3.15.1
collecting ... collected 5 items

tests/test_basic.py::TestSubtract::test_subtract_positive_numbers PASSED [ 20%]
tests/test_basic.py::TestSubtract::test_subtract_negative_numbers PASSED [ 40%]
tests/test_basic.py::TestSubtract::test_subtract_mixed_signs PASSED      [ 60%]
tests/test_basic.py::TestSubtract::test_subtract_with_zero PASSED        [ 80%]
tests/test_basic.py::test_subtract_invalid_input PASSED                  [100%]

============================== 5 passed in 0.03s ==============================

STDERR:

RETURN CODE: 0
--------------------------------------------------------------------------------

=== PYTEST RUN [Cycle: 4] ===
STDOUT:
============================= test session starts =============================
platform win32 -- Python 3.13.7, pytest-9.0.2, pluggy-1.6.0 -- C:\Users\carlo\AppData\Local\Programs\Python\Python313\python.exe
cachedir: .pytest_cache
metadata: {'Python': '3.13.7', 'Platform': 'Windows-11-10.0.26200-SP0', 'Packages': {'pytest': '9.0.2', 'pluggy': '1.6.0'}, 'Plugins': {'anyio': '4.12.1', 'cov': '7.0.0', 'json-report': '1.5.0', 'metadata': '3.1.1', 'mock': '3.15.1'}}
rootdir: C:\Users\carlo\Documents\Proyectos_Phyton\Swarm
configfile: pyproject.toml
plugins: anyio-4.12.1, cov-7.0.0, json-report-1.5.0, metadata-3.1.1, mock-3.15.1
collecting ... collected 6 items

tests/test_basic.py::TestModulo::test_modulo_positive PASSED             [ 16%]
tests/test_basic.py::TestModulo::test_modulo_negative FAILED             [ 33%]
tests/test_basic.py::TestModulo::test_modulo_zero_remainder PASSED       [ 50%]
tests/test_basic.py::TestModulo::test_modulo_with_negative_divisor PASSED [ 66%]
tests/test_basic.py::TestModulo::test_modulo_invalid_input PASSED        [ 83%]
tests/test_basic.py::TestModuloExceptionHandling::test_zero_division_error PASSED [100%]

================================== FAILURES ===================================
_______________________ TestModulo.test_modulo_negative _______________________

self = <test_basic.TestModulo object at 0x0000014CC2034F50>

    def test_modulo_negative(self):
>       assert modulo(-10, 3) == -1.0
E       assert 2 == -1.0
E        +  where 2 = modulo(-10, 3)

tests\test_basic.py:7: AssertionError
=========================== short test summary info ===========================
FAILED tests/test_basic.py::TestModulo::test_modulo_negative - assert 2 == -1.0
========================= 1 failed, 5 passed in 0.07s =========================

STDERR:

RETURN CODE: 1
--------------------------------------------------------------------------------

=== PYTEST RUN [Cycle: 4] ===
STDOUT:
============================= test session starts =============================
platform win32 -- Python 3.13.7, pytest-9.0.2, pluggy-1.6.0 -- C:\Users\carlo\AppData\Local\Programs\Python\Python313\python.exe
cachedir: .pytest_cache
metadata: {'Python': '3.13.7', 'Platform': 'Windows-11-10.0.26200-SP0', 'Packages': {'pytest': '9.0.2', 'pluggy': '1.6.0'}, 'Plugins': {'anyio': '4.12.1', 'cov': '7.0.0', 'json-report': '1.5.0', 'metadata': '3.1.1', 'mock': '3.15.1'}}
rootdir: C:\Users\carlo\Documents\Proyectos_Phyton\Swarm
configfile: pyproject.toml
plugins: anyio-4.12.1, cov-7.0.0, json-report-1.5.0, metadata-3.1.1, mock-3.15.1
collecting ... collected 2 items

tests/test_basic.py::TestModulo::test_modulo_positive_numbers FAILED     [ 50%]
tests/test_basic.py::TestModulo::test_modulo_negative_numbers FAILED     [100%]

================================== FAILURES ===================================
___________________ TestModulo.test_modulo_positive_numbers ___________________

self = <test_basic.TestModulo object at 0x0000029A92604910>

    def test_modulo_positive_numbers(self):
>       assert modulo(10, 3) == 1.0
               ^^^^^^
E       NameError: name 'modulo' is not defined

tests\test_basic.py:4: NameError
___________________ TestModulo.test_modulo_negative_numbers ___________________

self = <test_basic.TestModulo object at 0x0000029A92604CD0>

    def test_modulo_negative_numbers(self):
>       assert modulo(-9, 5) == -4.0
               ^^^^^^
E       NameError: name 'modulo' is not defined

tests\test_basic.py:9: NameError
=========================== short test summary info ===========================
FAILED tests/test_basic.py::TestModulo::test_modulo_positive_numbers - NameEr...
FAILED tests/test_basic.py::TestModulo::test_modulo_negative_numbers - NameEr...
============================== 2 failed in 0.07s ==============================

STDERR:

RETURN CODE: 1
--------------------------------------------------------------------------------

=== PYTEST RUN [Cycle: 4] ===
STDOUT:
============================= test session starts =============================
platform win32 -- Python 3.13.7, pytest-9.0.2, pluggy-1.6.0 -- C:\Users\carlo\AppData\Local\Programs\Python\Python313\python.exe
cachedir: .pytest_cache
metadata: {'Python': '3.13.7', 'Platform': 'Windows-11-10.0.26200-SP0', 'Packages': {'pytest': '9.0.2', 'pluggy': '1.6.0'}, 'Plugins': {'anyio': '4.12.1', 'cov': '7.0.0', 'json-report': '1.5.0', 'metadata': '3.1.1', 'mock': '3.15.1'}}
rootdir: C:\Users\carlo\Documents\Proyectos_Phyton\Swarm
configfile: pyproject.toml
plugins: anyio-4.12.1, cov-7.0.0, json-report-1.5.0, metadata-3.1.1, mock-3.15.1
collecting ... collected 3 items

tests/test_basic.py::TestDivide::test_divide_positive_numbers FAILED     [ 33%]
tests/test_basic.py::TestDivide::test_divide_by_zero FAILED              [ 66%]
tests/test_basic.py::test_divide_invalid_input FAILED                    [100%]

================================== FAILURES ===================================
___________________ TestDivide.test_divide_positive_numbers ___________________

self = <test_basic.TestDivide object at 0x0000019F1DB44B90>

    def test_divide_positive_numbers(self):
>       assert divide(10, 2) == 5.0
               ^^^^^^
E       NameError: name 'divide' is not defined

tests\test_basic.py:4: NameError
_______________________ TestDivide.test_divide_by_zero ________________________

self = <test_basic.TestDivide object at 0x0000019F1DB44CD0>

    def test_divide_by_zero(self):
        with pytest.raises(ZeroDivisionError):
>           divide(10, 0)
            ^^^^^^
E           NameError: name 'divide' is not defined

tests\test_basic.py:7: NameError
__________________________ test_divide_invalid_input __________________________

    def test_divide_invalid_input():
        with pytest.raises(ValueError):
>           divide('a', 'b')
            ^^^^^^
E           NameError: name 'divide' is not defined

tests\test_basic.py:10: NameError
=========================== short test summary info ===========================
FAILED tests/test_basic.py::TestDivide::test_divide_positive_numbers - NameEr...
FAILED tests/test_basic.py::TestDivide::test_divide_by_zero - NameError: name...
FAILED tests/test_basic.py::test_divide_invalid_input - NameError: name 'divi...
============================== 3 failed in 0.06s ==============================

STDERR:

RETURN CODE: 1
--------------------------------------------------------------------------------

=== PYTEST RUN [Cycle: 0] ===
STDOUT:
============================= test session starts =============================
platform win32 -- Python 3.13.7, pytest-9.0.2, pluggy-1.6.0 -- C:\Users\carlo\AppData\Local\Programs\Python\Python313\python.exe
cachedir: .pytest_cache
metadata: {'Python': '3.13.7', 'Platform': 'Windows-11-10.0.26200-SP0', 'Packages': {'pytest': '9.0.2', 'pluggy': '1.6.0'}, 'Plugins': {'anyio': '4.12.1', 'cov': '7.0.0', 'json-report': '1.5.0', 'metadata': '3.1.1', 'mock': '3.15.1'}}
rootdir: C:\Users\carlo\Documents\Proyectos_Phyton\Swarm
configfile: pyproject.toml
plugins: anyio-4.12.1, cov-7.0.0, json-report-1.5.0, metadata-3.1.1, mock-3.15.1
collecting ... collected 5 items

tests/test_basic.py::TestSubtract::test_subtract_positive_numbers PASSED [ 20%]
tests/test_basic.py::TestSubtract::test_subtract_negative_numbers PASSED [ 40%]
tests/test_basic.py::TestSubtract::test_subtract_mixed_signs PASSED      [ 60%]
tests/test_basic.py::TestSubtract::test_subtract_with_zero PASSED        [ 80%]
tests/test_basic.py::test_subtract_invalid_input PASSED                  [100%]

============================== 5 passed in 0.03s ==============================

STDERR:

RETURN CODE: 0
--------------------------------------------------------------------------------

=== PYTEST RUN [Cycle: 0] ===
STDOUT:
============================= test session starts =============================
platform win32 -- Python 3.13.7, pytest-9.0.2, pluggy-1.6.0 -- C:\Users\carlo\AppData\Local\Programs\Python\Python313\python.exe
cachedir: .pytest_cache
metadata: {'Python': '3.13.7', 'Platform': 'Windows-11-10.0.26200-SP0', 'Packages': {'pytest': '9.0.2', 'pluggy': '1.6.0'}, 'Plugins': {'anyio': '4.12.1', 'cov': '7.0.0', 'json-report': '1.5.0', 'metadata': '3.1.1', 'mock': '3.15.1'}}
rootdir: C:\Users\carlo\Documents\Proyectos_Phyton\Swarm
configfile: pyproject.toml
plugins: anyio-4.12.1, cov-7.0.0, json-report-1.5.0, metadata-3.1.1, mock-3.15.1
collecting ... collected 5 items

tests/test_basic.py::TestAdd::test_add_positive_numbers PASSED           [ 20%]
tests/test_basic.py::TestAdd::test_add_negative_numbers PASSED           [ 40%]
tests/test_basic.py::TestAdd::test_add_mixed_signs PASSED                [ 60%]
tests/test_basic.py::TestAdd::test_add_with_zero PASSED                  [ 80%]
tests/test_basic.py::test_add_invalid_input PASSED                       [100%]

============================== 5 passed in 0.03s ==============================

STDERR:

RETURN CODE: 0
--------------------------------------------------------------------------------

=== PYTEST RUN [Cycle: 1] ===
STDOUT:
============================= test session starts =============================
platform win32 -- Python 3.13.7, pytest-9.0.2, pluggy-1.6.0 -- C:\Users\carlo\AppData\Local\Programs\Python\Python313\python.exe
cachedir: .pytest_cache
metadata: {'Python': '3.13.7', 'Platform': 'Windows-11-10.0.26200-SP0', 'Packages': {'pytest': '9.0.2', 'pluggy': '1.6.0'}, 'Plugins': {'anyio': '4.12.1', 'cov': '7.0.0', 'json-report': '1.5.0', 'metadata': '3.1.1', 'mock': '3.15.1'}}
rootdir: C:\Users\carlo\Documents\Proyectos_Phyton\Swarm
configfile: pyproject.toml
plugins: anyio-4.12.1, cov-7.0.0, json-report-1.5.0, metadata-3.1.1, mock-3.15.1
collecting ... collected 0 items / 1 error

=================================== ERRORS ====================================
____________________ ERROR collecting tests/test_basic.py _____________________
..\..\..\AppData\Local\Programs\Python\Python313\Lib\site-packages\_pytest\python.py:507: in importtestmodule
    mod = import_path(
..\..\..\AppData\Local\Programs\Python\Python313\Lib\site-packages\_pytest\pathlib.py:587: in import_path
    importlib.import_module(module_name)
..\..\..\AppData\Local\Programs\Python\Python313\Lib\importlib\__init__.py:88: in import_module
    return _bootstrap._gcd_import(name[level:], package, level)
           ^^^^^^^^^^^^^^^^^^^^^^^^^^^^^^^^^^^^^^^^^^^^^^^^^^^^
<frozen importlib._bootstrap>:1387: in _gcd_import
    ???
<frozen importlib._bootstrap>:1360: in _find_and_load
    ???
<frozen importlib._bootstrap>:1331: in _find_and_load_unlocked
    ???
<frozen importlib._bootstrap>:935: in _load_unlocked
    ???
..\..\..\AppData\Local\Programs\Python\Python313\Lib\site-packages\_pytest\assertion\rewrite.py:188: in exec_module
    source_stat, co = _rewrite_test(fn, self.config)
                      ^^^^^^^^^^^^^^^^^^^^^^^^^^^^^^
..\..\..\AppData\Local\Programs\Python\Python313\Lib\site-packages\_pytest\assertion\rewrite.py:357: in _rewrite_test
    tree = ast.parse(source, filename=strfn)
           ^^^^^^^^^^^^^^^^^^^^^^^^^^^^^^^^^
..\..\..\AppData\Local\Programs\Python\Python313\Lib\ast.py:50: in parse
    return compile(source, filename, mode, flags,
E     File "C:\Users\carlo\Documents\Proyectos_Phyton\Swarm\tests\test_basic.py", line 2
E       from core.operations import *\nclass TestSubtract:\n    def test_subtract_positive_numbers(self):\n        assert subtract(7, 3) == 4.0\n    def test_subtract_negative_numbers(self):\n        assert subtract(-7, -3) == -4.0\n    def test_subtract_mixed_signs(self):\n        assert subtract(5, -2) == 7.0\n    def test_subtract_with_zero(self):\n        assert subtract(10, 0) == 10.0\nclass TestAdd:\n    def test_add_positive_numbers(self):\n        assert add(3, 4) == 7.0\n    def test_add_negative_numbers(self):\n        assert add(-3, -4) == -7.0\n    def test_add_mixed_signs(self):\n        assert add(5, -2) == 3.0\n    def test_add_with_zero(self):\n        assert add(0, 5) == 5.0\n    def test_add_invalid_input(self):\n        with pytest.raises(ValueError):\n            add('a', 'b')
E                                     ^
E   SyntaxError: unexpected character after line continuation character
=========================== short test summary info ===========================
ERROR tests/test_basic.py
!!!!!!!!!!!!!!!!!!! Interrupted: 1 error during collection !!!!!!!!!!!!!!!!!!!!
============================== 1 error in 0.23s ===============================

STDERR:

RETURN CODE: 2
--------------------------------------------------------------------------------

=== PYTEST RUN [Cycle: 1] ===
STDOUT:
============================= test session starts =============================
platform win32 -- Python 3.13.7, pytest-9.0.2, pluggy-1.6.0 -- C:\Users\carlo\AppData\Local\Programs\Python\Python313\python.exe
cachedir: .pytest_cache
metadata: {'Python': '3.13.7', 'Platform': 'Windows-11-10.0.26200-SP0', 'Packages': {'pytest': '9.0.2', 'pluggy': '1.6.0'}, 'Plugins': {'anyio': '4.12.1', 'cov': '7.0.0', 'json-report': '1.5.0', 'metadata': '3.1.1', 'mock': '3.15.1'}}
rootdir: C:\Users\carlo\Documents\Proyectos_Phyton\Swarm
configfile: pyproject.toml
plugins: anyio-4.12.1, cov-7.0.0, json-report-1.5.0, metadata-3.1.1, mock-3.15.1
collecting ... collected 5 items

tests/test_basic.py::TestAdd::test_add_positive_numbers PASSED           [ 20%]
tests/test_basic.py::TestAdd::test_add_negative_numbers PASSED           [ 40%]
tests/test_basic.py::TestAdd::test_add_mixed_signs PASSED                [ 60%]
tests/test_basic.py::TestAdd::test_add_with_zero PASSED                  [ 80%]
tests/test_basic.py::test_add_invalid_input PASSED                       [100%]

============================== 5 passed in 0.03s ==============================

STDERR:

RETURN CODE: 0
--------------------------------------------------------------------------------

=== PYTEST RUN [Cycle: 1] ===
STDOUT:
============================= test session starts =============================
platform win32 -- Python 3.13.7, pytest-9.0.2, pluggy-1.6.0 -- C:\Users\carlo\AppData\Local\Programs\Python\Python313\python.exe
cachedir: .pytest_cache
metadata: {'Python': '3.13.7', 'Platform': 'Windows-11-10.0.26200-SP0', 'Packages': {'pytest': '9.0.2', 'pluggy': '1.6.0'}, 'Plugins': {'anyio': '4.12.1', 'cov': '7.0.0', 'json-report': '1.5.0', 'metadata': '3.1.1', 'mock': '3.15.1'}}
rootdir: C:\Users\carlo\Documents\Proyectos_Phyton\Swarm
configfile: pyproject.toml
plugins: anyio-4.12.1, cov-7.0.0, json-report-1.5.0, metadata-3.1.1, mock-3.15.1
collecting ... collected 5 items

tests/test_basic.py::TestSubtract::test_subtract_positive_numbers PASSED [ 20%]
tests/test_basic.py::TestSubtract::test_subtract_negative_numbers PASSED [ 40%]
tests/test_basic.py::TestSubtract::test_subtract_mixed_signs PASSED      [ 60%]
tests/test_basic.py::TestSubtract::test_subtract_with_zero PASSED        [ 80%]
tests/test_basic.py::test_subtract_invalid_input PASSED                  [100%]

============================== 5 passed in 0.03s ==============================

STDERR:

RETURN CODE: 0
--------------------------------------------------------------------------------

=== PYTEST RUN [Cycle: 2] ===
STDOUT:
============================= test session starts =============================
platform win32 -- Python 3.13.7, pytest-9.0.2, pluggy-1.6.0 -- C:\Users\carlo\AppData\Local\Programs\Python\Python313\python.exe
cachedir: .pytest_cache
metadata: {'Python': '3.13.7', 'Platform': 'Windows-11-10.0.26200-SP0', 'Packages': {'pytest': '9.0.2', 'pluggy': '1.6.0'}, 'Plugins': {'anyio': '4.12.1', 'cov': '7.0.0', 'json-report': '1.5.0', 'metadata': '3.1.1', 'mock': '3.15.1'}}
rootdir: C:\Users\carlo\Documents\Proyectos_Phyton\Swarm
configfile: pyproject.toml
plugins: anyio-4.12.1, cov-7.0.0, json-report-1.5.0, metadata-3.1.1, mock-3.15.1
collecting ... collected 5 items

tests/test_basic.py::TestMultiply::test_multiply_positive_numbers PASSED [ 20%]
tests/test_basic.py::TestMultiply::test_multiply_negative_numbers PASSED [ 40%]
tests/test_basic.py::TestMultiply::test_multiply_mixed_signs PASSED      [ 60%]
tests/test_basic.py::TestMultiply::test_multiply_with_zero PASSED        [ 80%]
tests/test_basic.py::test_multiply_invalid_input PASSED                  [100%]

============================== 5 passed in 0.03s ==============================

STDERR:

RETURN CODE: 0
--------------------------------------------------------------------------------

